Arguments: 
  /Users/dianasalavastru/.nvm/versions/node/v12.18.0/bin/node /Users/dianasalavastru/.yarn/bin/yarn.js add @ionic/react-hooks/camera

PATH: 
  /Users/dianasalavastru/.nvm/versions/node/v12.18.0/bin:/Users/dianasalavastru/.yarn/bin:/Users/dianasalavastru/.config/yarn/global/node_modules/.bin:/usr/local/bin:/usr/bin:/bin:/usr/sbin:/sbin:/Applications/VMware Fusion.app/Contents/Public:/Users/dianasalavastru/Documents/ionicapp/node_modules/.bin

Yarn version: 
  1.22.4

Node version: 
  12.18.0

Platform: 
  darwin x64

Trace: 
  Error: https://registry.yarnpkg.com/@ionic%2freact-hooks/camera: Request "https://registry.yarnpkg.com/@ionic%2freact-hooks/camera" returned a 405
      at Request.params.callback [as _callback] (/Users/dianasalavastru/.yarn/lib/cli.js:66996:18)
      at Request.self.callback (/Users/dianasalavastru/.yarn/lib/cli.js:140748:22)
      at Request.emit (events.js:315:20)
      at Request.<anonymous> (/Users/dianasalavastru/.yarn/lib/cli.js:141720:10)
      at Request.emit (events.js:315:20)
      at IncomingMessage.<anonymous> (/Users/dianasalavastru/.yarn/lib/cli.js:141642:12)
      at Object.onceWrapper (events.js:421:28)
      at IncomingMessage.emit (events.js:327:22)
      at endReadableNT (_stream_readable.js:1221:12)
      at processTicksAndRejections (internal/process/task_queues.js:84:21)

npm manifest: 
  {
    "name": "myApp",
    "version": "0.0.1",
    "private": true,
    "dependencies": {
      "@capacitor/android": "^2.4.1",
      "@capacitor/core": "2.4.1",
      "@ionic/react": "^5.0.7",
      "@ionic/react-router": "^5.0.7",
      "@testing-library/jest-dom": "^4.2.4",
      "@testing-library/react": "^9.4.0",
      "@testing-library/user-event": "^8.0.3",
      "@types/jest": "^24.0.25",
      "@types/node": "^12.12.24",
      "@types/react": "^16.9.17",
      "@types/react-dom": "^16.9.4",
      "@types/react-router": "^5.1.4",
      "@types/react-router-dom": "^5.1.3",
      "axios": "^0.20.0",
      "ionicons": "^5.0.0",
      "react": "^16.13.0",
      "react-dom": "^16.13.0",
      "react-router": "^5.1.2",
      "react-router-dom": "^5.1.2",
      "react-scripts": "3.4.0",
      "typescript": "3.8.3"
    },
    "scripts": {
      "start": "react-scripts start",
      "build": "react-scripts build",
      "test": "react-scripts test",
      "eject": "react-scripts eject"
    },
    "eslintConfig": {
      "extends": "react-app"
    },
    "browserslist": {
      "production": [
        ">0.2%",
        "not dead",
        "not op_mini all"
      ],
      "development": [
        "last 1 chrome version",
        "last 1 firefox version",
        "last 1 safari version"
      ]
    },
    "devDependencies": {
      "@capacitor/cli": "2.4.1"
    },
    "description": "An Ionic project"
  }

yarn manifest: 
  No manifest

Lockfile: 
  No lockfile
